#
# There is insufficient memory for the Java Runtime Environment to continue.
# Native memory allocation (malloc) failed to allocate 1164736 bytes for Chunk::new
# Possible reasons:
#   The system is out of physical RAM or swap space
#   The process is running with CompressedOops enabled, and the Java Heap may be blocking the growth of the native heap
# Possible solutions:
#   Reduce memory load on the system
#   Increase physical memory or swap space
#   Check if swap backing store is full
#   Decrease Java heap size (-Xmx/-Xms)
#   Decrease number of Java threads
#   Decrease Java thread stack sizes (-Xss)
#   Set larger code cache with -XX:ReservedCodeCacheSize=
#   JVM is running with Unscaled Compressed Oops mode in which the Java heap is
#     placed in the first 4GB address space. The Java Heap base address is the
#     maximum limit for the native heap growth. Please use -XX:HeapBaseMinAddress
#     to set the Java Heap base and to place the Java Heap above 4GB virtual address.
# This output file may be truncated or incomplete.
#
#  Out of Memory Error (arena.cpp:189), pid=17372, tid=6940
#
# JRE version: OpenJDK Runtime Environment Temurin-17.0.8.1+1 (17.0.8.1+1) (build 17.0.8.1+1)
# Java VM: OpenJDK 64-Bit Server VM Temurin-17.0.8.1+1 (17.0.8.1+1, mixed mode, tiered, compressed oops, compressed class ptrs, parallel gc, windows-amd64)
# No core dump will be written. Minidumps are not enabled by default on client versions of Windows
#

---------------  S U M M A R Y ------------

Command Line: --add-modules=ALL-SYSTEM --add-opens=java.base/java.util=ALL-UNNAMED --add-opens=java.base/java.lang=ALL-UNNAMED --add-opens=java.base/sun.nio.fs=ALL-UNNAMED -Declipse.application=org.eclipse.jdt.ls.core.id1 -Dosgi.bundles.defaultStartLevel=4 -Declipse.product=org.eclipse.jdt.ls.core.product -Djava.import.generatesMetadataFilesAtProjectRoot=false -DDetectVMInstallationsJob.disabled=true -Dfile.encoding=utf8 -XX:+UseParallelGC -XX:GCTimeRatio=4 -XX:AdaptiveSizePolicyWeight=90 -Dsun.zip.disableMemoryMapping=true -Xmx1G -Xms100m -Xlog:disable -javaagent:c:\Users\admin\.vscode\extensions\redhat.java-1.23.0-win32-x64\lombok\lombok-1.18.30.jar -XX:+HeapDumpOnOutOfMemoryError -XX:HeapDumpPath=c:\Users\admin\AppData\Roaming\Code\User\workspaceStorage\dd673c9ca44df6cee7c5089b940849b0\redhat.java -Daether.dependencyCollector.impl=bf c:\Users\admin\.vscode\extensions\redhat.java-1.23.0-win32-x64\server\plugins\org.eclipse.equinox.launcher_1.6.500.v20230717-2134.jar -configuration c:\Users\admin\AppData\Roaming\Code\User\globalStorage\redhat.java\1.23.0\config_win -data c:\Users\admin\AppData\Roaming\Code\User\workspaceStorage\dd673c9ca44df6cee7c5089b940849b0\redhat.java\jdt_ws

Host: Intel(R) Core(TM) i5-6300HQ CPU @ 2.30GHz, 4 cores, 7G,  Windows 10 , 64 bit Build 19041 (10.0.19041.3393)
Time: Fri Sep 29 16:29:12 2023 India Standard Time elapsed time: 2818.406565 seconds (0d 0h 46m 58s)

---------------  T H R E A D  ---------------

Current thread (0x0000023b2e61a1f0):  JavaThread "C2 CompilerThread1" daemon [_thread_in_native, id=6940, stack(0x000000ba19000000,0x000000ba19100000)]


Current CompileTask:
C2:2818406 17472       4       org.eclipse.jdt.internal.compiler.lookup.PackageBinding::getTypeOrPackage (368 bytes)

Stack: [0x000000ba19000000,0x000000ba19100000]
Native frames: (J=compiled Java code, j=interpreted, Vv=VM code, C=native code)
V  [jvm.dll+0x678b0a]
V  [jvm.dll+0x835e84]
V  [jvm.dll+0x83762e]
V  [jvm.dll+0x837c93]
V  [jvm.dll+0x24746f]
V  [jvm.dll+0xac20c]
V  [jvm.dll+0xac7dc]
V  [jvm.dll+0x2ae7af]
V  [jvm.dll+0x581427]
V  [jvm.dll+0x222602]
V  [jvm.dll+0x2229df]
V  [jvm.dll+0x21ba55]
V  [jvm.dll+0x218f0b]
V  [jvm.dll+0x1a534d]
V  [jvm.dll+0x228d8a]
V  [jvm.dll+0x226dcc]
V  [jvm.dll+0x7ec09b]
V  [jvm.dll+0x7e64ca]
V  [jvm.dll+0x677955]
C  [ucrtbase.dll+0x21bb2]
C  [KERNEL32.DLL+0x17344]
C  [ntdll.dll+0x526b1]


---------------  P R O C E S S  ---------------

Threads class SMR info:
_java_thread_list=0x0000023b2ea2d000, length=35, elements={
0x0000023b12f14640, 0x0000023b26d31260, 0x0000023b26d32360, 0x0000023b26d5b1a0,
0x0000023b26d5be30, 0x0000023b26d5cbc0, 0x0000023b26d64860, 0x0000023b26d65550,
0x0000023b2bf483c0, 0x0000023b2bf66d00, 0x0000023b12f754d0, 0x0000023b2c1f0760,
0x0000023b2cce6ad0, 0x0000023b2ca77ff0, 0x0000023b2cae83e0, 0x0000023b2d560010,
0x0000023b2d291fc0, 0x0000023b2d28fc50, 0x0000023b2d291090, 0x0000023b2d2915a0,
0x0000023b2d2924d0, 0x0000023b2d292ef0, 0x0000023b2ca5efb0, 0x0000023b2ca64fe0,
0x0000023b2ca60900, 0x0000023b2ca61d40, 0x0000023b2ca65a00, 0x0000023b2ca640b0,
0x0000023b2c5de0f0, 0x0000023b2c5dff50, 0x0000023b2c5dccb0, 0x0000023b2c5df530,
0x0000023b2c5e0460, 0x0000023b2c5deb10, 0x0000023b2e61a1f0
}

Java Threads: ( => current thread )
  0x0000023b12f14640 JavaThread "main" [_thread_blocked, id=15388, stack(0x000000ba16c00000,0x000000ba16d00000)]
  0x0000023b26d31260 JavaThread "Reference Handler" daemon [_thread_blocked, id=13816, stack(0x000000ba16f00000,0x000000ba17000000)]
  0x0000023b26d32360 JavaThread "Finalizer" daemon [_thread_blocked, id=10288, stack(0x000000ba17000000,0x000000ba17100000)]
  0x0000023b26d5b1a0 JavaThread "Signal Dispatcher" daemon [_thread_blocked, id=14448, stack(0x000000ba17100000,0x000000ba17200000)]
  0x0000023b26d5be30 JavaThread "Attach Listener" daemon [_thread_blocked, id=9224, stack(0x000000ba17200000,0x000000ba17300000)]
  0x0000023b26d5cbc0 JavaThread "Service Thread" daemon [_thread_blocked, id=7564, stack(0x000000ba17300000,0x000000ba17400000)]
  0x0000023b26d64860 JavaThread "Monitor Deflation Thread" daemon [_thread_blocked, id=16860, stack(0x000000ba17400000,0x000000ba17500000)]
  0x0000023b26d65550 JavaThread "C2 CompilerThread0" daemon [_thread_in_native, id=7128, stack(0x000000ba17500000,0x000000ba17600000)]
  0x0000023b2bf483c0 JavaThread "C1 CompilerThread0" daemon [_thread_blocked, id=3764, stack(0x000000ba17600000,0x000000ba17700000)]
  0x0000023b2bf66d00 JavaThread "Sweeper thread" daemon [_thread_blocked, id=15052, stack(0x000000ba17700000,0x000000ba17800000)]
  0x0000023b12f754d0 JavaThread "Common-Cleaner" daemon [_thread_blocked, id=4064, stack(0x000000ba17800000,0x000000ba17900000)]
  0x0000023b2c1f0760 JavaThread "Notification Thread" daemon [_thread_blocked, id=18412, stack(0x000000ba17900000,0x000000ba17a00000)]
  0x0000023b2cce6ad0 JavaThread "Active Thread: Equinox Container: 2ec5399c-08ef-414a-adac-d8217fda7c6d" [_thread_blocked, id=12296, stack(0x000000ba17f00000,0x000000ba18000000)]
  0x0000023b2ca77ff0 JavaThread "Framework Event Dispatcher: Equinox Container: 2ec5399c-08ef-414a-adac-d8217fda7c6d" daemon [_thread_blocked, id=17228, stack(0x000000ba18000000,0x000000ba18100000)]
  0x0000023b2cae83e0 JavaThread "Start Level: Equinox Container: 2ec5399c-08ef-414a-adac-d8217fda7c6d" daemon [_thread_blocked, id=16656, stack(0x000000ba18100000,0x000000ba18200000)]
  0x0000023b2d560010 JavaThread "Bundle File Closer" daemon [_thread_blocked, id=4548, stack(0x000000ba18200000,0x000000ba18300000)]
  0x0000023b2d291fc0 JavaThread "SCR Component Actor" daemon [_thread_blocked, id=11924, stack(0x000000ba18300000,0x000000ba18400000)]
  0x0000023b2d28fc50 JavaThread "Worker-JM" [_thread_blocked, id=4380, stack(0x000000ba18500000,0x000000ba18600000)]
  0x0000023b2d291090 JavaThread "Worker-2" [_thread_blocked, id=18408, stack(0x000000ba18800000,0x000000ba18900000)]
  0x0000023b2d2915a0 JavaThread "Java indexing" daemon [_thread_blocked, id=16136, stack(0x000000ba17e00000,0x000000ba17f00000)]
  0x0000023b2d2924d0 JavaThread "JNA Cleaner" daemon [_thread_blocked, id=18288, stack(0x000000ba18a00000,0x000000ba18b00000)]
  0x0000023b2d292ef0 JavaThread "pool-2-thread-1" [_thread_blocked, id=3676, stack(0x000000ba18d00000,0x000000ba18e00000)]
  0x0000023b2ca5efb0 JavaThread "WorkspaceEventsHandler" [_thread_blocked, id=13796, stack(0x000000ba18e00000,0x000000ba18f00000)]
  0x0000023b2ca64fe0 JavaThread "pool-1-thread-1" [_thread_in_native, id=18488, stack(0x000000ba18f00000,0x000000ba19000000)]
  0x0000023b2ca60900 JavaThread "Worker-5" [_thread_blocked, id=8508, stack(0x000000ba19500000,0x000000ba19600000)]
  0x0000023b2ca61d40 JavaThread "Java Debug Server" daemon [_thread_in_native, id=18064, stack(0x000000ba16b00000,0x000000ba16c00000)]
  0x0000023b2ca65a00 JavaThread "RxSchedulerPurge-1" daemon [_thread_blocked, id=12260, stack(0x000000ba18700000,0x000000ba18800000)]
  0x0000023b2ca640b0 JavaThread "RxCachedWorkerPoolEvictor-1" daemon [_thread_blocked, id=15716, stack(0x000000ba18900000,0x000000ba18a00000)]
  0x0000023b2c5de0f0 JavaThread "ForkJoinPool.commonPool-worker-5" daemon [_thread_blocked, id=11576, stack(0x000000ba16a00000,0x000000ba16b00000)]
  0x0000023b2c5dff50 JavaThread "Worker-7" [_thread_blocked, id=5060, stack(0x000000ba18400000,0x000000ba18500000)]
  0x0000023b2c5dccb0 JavaThread "ForkJoinPool.commonPool-worker-6" daemon [_thread_blocked, id=16944, stack(0x000000ba18600000,0x000000ba18700000)]
  0x0000023b2c5df530 JavaThread "ForkJoinPool.commonPool-worker-7" daemon [_thread_blocked, id=7436, stack(0x000000ba18c00000,0x000000ba18d00000)]
  0x0000023b2c5e0460 JavaThread "pool-1-thread-3" [_thread_blocked, id=16768, stack(0x000000ba18b00000,0x000000ba18c00000)]
  0x0000023b2c5deb10 JavaThread "pool-1-thread-4" [_thread_blocked, id=12700, stack(0x000000ba19100000,0x000000ba19200000)]
=>0x0000023b2e61a1f0 JavaThread "C2 CompilerThread1" daemon [_thread_in_native, id=6940, stack(0x000000ba19000000,0x000000ba19100000)]

Other Threads:
  0x0000023b12f99c90 VMThread "VM Thread" [stack: 0x000000ba16e00000,0x000000ba16f00000] [id=10316]
  0x0000023b2c129560 WatcherThread [stack: 0x000000ba17a00000,0x000000ba17b00000] [id=7096]
  0x0000023b12f2a2c0 GCTaskThread "GC Thread#0" [stack: 0x000000ba16d00000,0x000000ba16e00000] [id=19272]
  0x0000023b2c447d70 GCTaskThread "GC Thread#1" [stack: 0x000000ba17b00000,0x000000ba17c00000] [id=6208]
  0x0000023b2c448030 GCTaskThread "GC Thread#2" [stack: 0x000000ba17c00000,0x000000ba17d00000] [id=5776]
  0x0000023b2c4477c0 GCTaskThread "GC Thread#3" [stack: 0x000000ba17d00000,0x000000ba17e00000] [id=17460]

Threads with active compile tasks:
C2 CompilerThread0  2818471 17460       4       org.eclipse.jdt.internal.compiler.lookup.Scope::findMemberType (723 bytes)
C2 CompilerThread1  2818471 17472       4       org.eclipse.jdt.internal.compiler.lookup.PackageBinding::getTypeOrPackage (368 bytes)

VM state: not at safepoint (normal execution)

VM Mutex/Monitor currently owned by a thread: None

Heap address: 0x00000000c0000000, size: 1024 MB, Compressed Oops mode: 32-bit

CDS archive(s) not mapped
Compressed class space mapped at: 0x0000000100000000-0x0000000140000000, reserved size: 1073741824
Narrow klass base: 0x0000000000000000, Narrow klass shift: 3, Narrow klass range: 0x140000000

GC Precious Log:
 CPUs: 4 total, 4 available
 Memory: 7854M
 Large Page Support: Disabled
 NUMA Support: Disabled
 Compressed Oops: Enabled (32-bit)
 Alignments: Space 512K, Generation 512K, Heap 2M
 Heap Min Capacity: 100M
 Heap Initial Capacity: 100M
 Heap Max Capacity: 1G
 Pre-touch: Disabled
 Parallel Workers: 4

Heap:
 PSYoungGen      total 4096K, used 1119K [0x00000000eab00000, 0x00000000eaf80000, 0x0000000100000000)
  eden space 3072K, 30% used [0x00000000eab00000,0x00000000eabe7d10,0x00000000eae00000)
  from space 1024K, 18% used [0x00000000eae00000,0x00000000eae30000,0x00000000eaf00000)
  to   space 512K, 0% used [0x00000000eaf00000,0x00000000eaf00000,0x00000000eaf80000)
 ParOldGen       total 272896K, used 245807K [0x00000000c0000000, 0x00000000d0a80000, 0x00000000eab00000)
  object space 272896K, 90% used [0x00000000c0000000,0x00000000cf00bcf8,0x00000000d0a80000)
 Metaspace       used 85545K, committed 86784K, reserved 1179648K
  class space    used 8778K, committed 9408K, reserved 1048576K

Card table byte_map: [0x0000023b128e0000,0x0000023b12af0000] _byte_map_base: 0x0000023b122e0000

Marking Bits: (ParMarkBitMap*) 0x00007ffd144e83a0
 Begin Bits: [0x0000023b24b90000, 0x0000023b25b90000)
 End Bits:   [0x0000023b25b90000, 0x0000023b26b90000)

Polling page: 0x0000023b126d0000

Metaspace:

Usage:
  Non-class:     74.97 MB used.
      Class:      8.57 MB used.
       Both:     83.54 MB used.

Virtual space:
  Non-class space:      128.00 MB reserved,      75.56 MB ( 59%) committed,  2 nodes.
      Class space:        1.00 GB reserved,       9.19 MB ( <1%) committed,  1 nodes.
             Both:        1.12 GB reserved,      84.75 MB (  7%) committed. 

Chunk freelists:
   Non-Class:  4.03 MB
       Class:  6.94 MB
        Both:  10.97 MB

MaxMetaspaceSize: unlimited
CompressedClassSpaceSize: 1.00 GB
Initial GC threshold: 21.00 MB
Current GC threshold: 140.88 MB
CDS: off
MetaspaceReclaimPolicy: balanced
 - commit_granule_bytes: 65536.
 - commit_granule_words: 8192.
 - virtual_space_node_default_size: 8388608.
 - enlarge_chunks_in_place: 1.
 - new_chunks_are_fully_committed: 0.
 - uncommit_free_chunks: 1.
 - use_allocation_guard: 0.
 - handle_deallocations: 1.


Internal statistics:

num_allocs_failed_limit: 9.
num_arena_births: 864.
num_arena_deaths: 286.
num_vsnodes_births: 3.
num_vsnodes_deaths: 0.
num_space_committed: 1356.
num_space_uncommitted: 0.
num_chunks_returned_to_freelist: 324.
num_chunks_taken_from_freelist: 4541.
num_chunk_merges: 129.
num_chunk_splits: 2797.
num_chunks_enlarged: 1628.
num_inconsistent_stats: 0.

CodeHeap 'non-profiled nmethods': size=120000Kb used=12842Kb max_used=12915Kb free=107157Kb
 bounds [0x0000023b1d660000, 0x0000023b1e300000, 0x0000023b24b90000]
CodeHeap 'profiled nmethods': size=120000Kb used=30796Kb max_used=30804Kb free=89203Kb
 bounds [0x0000023b15b90000, 0x0000023b179b0000, 0x0000023b1d0c0000]
CodeHeap 'non-nmethods': size=5760Kb used=1409Kb max_used=1530Kb free=4350Kb
 bounds [0x0000023b1d0c0000, 0x0000023b1d330000, 0x0000023b1d660000]
 total_blobs=14034 nmethods=13269 adapters=669
 compilation: enabled
              stopped_count=0, restarted_count=0
 full_count=0

Compilation events (20 events):
Event: 2818.255 Thread 0x0000023b2bf483c0 17493       3       org.eclipse.jdt.internal.codeassist.impl.Engine::<init> (95 bytes)
Event: 2818.256 Thread 0x0000023b2bf483c0 nmethod 17493 0x0000023b17776c90 code [0x0000023b17776e80, 0x0000023b17777318]
Event: 2818.256 Thread 0x0000023b2bf483c0 17494       3       org.eclipse.jdt.internal.codeassist.impl.AssistParser::<init> (109 bytes)
Event: 2818.256 Thread 0x0000023b2bf483c0 nmethod 17494 0x0000023b1787ec90 code [0x0000023b1787ee60, 0x0000023b1787f608]
Event: 2818.257 Thread 0x0000023b2bf483c0 17495       3       org.eclipse.jdt.internal.compiler.parser.diagnose.DiagnoseParser::primaryDiagnosis (730 bytes)
Event: 2818.259 Thread 0x0000023b2bf483c0 nmethod 17495 0x0000023b1787c610 code [0x0000023b1787c9a0, 0x0000023b1787e028]
Event: 2818.301 Thread 0x0000023b2bf483c0 17496       3       org.eclipse.lsp4j.CodeActionParams::<init> (5 bytes)
Event: 2818.301 Thread 0x0000023b2bf483c0 nmethod 17496 0x0000023b17776810 code [0x0000023b177769c0, 0x0000023b17776b78]
Event: 2818.301 Thread 0x0000023b2bf483c0 17498       3       com.google.gson.stream.JsonReader::peekNumber (480 bytes)
Event: 2818.302 Thread 0x0000023b2bf483c0 nmethod 17498 0x0000023b1787b290 code [0x0000023b1787b500, 0x0000023b1787c3d8]
Event: 2818.302 Thread 0x0000023b2bf483c0 17497       3       org.eclipse.lsp4j.CodeActionContext::<init> (5 bytes)
Event: 2818.303 Thread 0x0000023b2bf483c0 nmethod 17497 0x0000023b1787af10 code [0x0000023b1787b0a0, 0x0000023b1787b1f8]
Event: 2818.303 Thread 0x0000023b2bf483c0 17499       3       org.eclipse.jdt.ls.core.internal.JavaLanguageServerPlugin::getClientConnection (17 bytes)
Event: 2818.303 Thread 0x0000023b2bf483c0 nmethod 17499 0x0000023b1787aa90 code [0x0000023b1787ac40, 0x0000023b1787ae58]
Event: 2818.309 Thread 0x0000023b2bf483c0 17500       3       org.eclipse.jdt.internal.compiler.SourceElementParser::newImportReference (13 bytes)
Event: 2818.309 Thread 0x0000023b2bf483c0 nmethod 17500 0x0000023b1787a610 code [0x0000023b1787a7c0, 0x0000023b1787a968]
Event: 2818.310 Thread 0x0000023b2bf483c0 17501       3       org.eclipse.jdt.internal.core.CompilationUnitStructureRequestor::convertTypeNamesToSigs (61 bytes)
Event: 2818.310 Thread 0x0000023b2bf483c0 nmethod 17501 0x0000023b17879690 code [0x0000023b178798c0, 0x0000023b1787a208]
Event: 2818.312 Thread 0x0000023b2bf483c0 17502       3       org.eclipse.jdt.ls.core.internal.corrections.QuickFixProcessor$$Lambda$557/0x0000000100758b08::test (12 bytes)
Event: 2818.312 Thread 0x0000023b2bf483c0 nmethod 17502 0x0000023b17879190 code [0x0000023b17879340, 0x0000023b17879578]

GC Heap History (20 events):
Event: 2818.164 GC heap before
{Heap before GC invocations=827 (full 18):
 PSYoungGen      total 2560K, used 2560K [0x00000000eab00000, 0x00000000eb000000, 0x0000000100000000)
  eden space 2048K, 100% used [0x00000000eab00000,0x00000000ead00000,0x00000000ead00000)
  from space 512K, 100% used [0x00000000eaf00000,0x00000000eaf80000,0x00000000eaf80000)
  to   space 512K, 0% used [0x00000000eaf80000,0x00000000eaf80000,0x00000000eb000000)
 ParOldGen       total 272896K, used 226941K [0x00000000c0000000, 0x00000000d0a80000, 0x00000000eab00000)
  object space 272896K, 83% used [0x00000000c0000000,0x00000000cdd9f648,0x00000000d0a80000)
 Metaspace       used 85531K, committed 86784K, reserved 1179648K
  class space    used 8777K, committed 9408K, reserved 1048576K
}
Event: 2818.165 GC heap after
{Heap after GC invocations=827 (full 18):
 PSYoungGen      total 2560K, used 192K [0x00000000eab00000, 0x00000000eb000000, 0x0000000100000000)
  eden space 2048K, 0% used [0x00000000eab00000,0x00000000eab00000,0x00000000ead00000)
  from space 512K, 37% used [0x00000000eaf80000,0x00000000eafb0000,0x00000000eb000000)
  to   space 512K, 0% used [0x00000000eaf00000,0x00000000eaf00000,0x00000000eaf80000)
 ParOldGen       total 272896K, used 227396K [0x00000000c0000000, 0x00000000d0a80000, 0x00000000eab00000)
  object space 272896K, 83% used [0x00000000c0000000,0x00000000cde11088,0x00000000d0a80000)
 Metaspace       used 85531K, committed 86784K, reserved 1179648K
  class space    used 8777K, committed 9408K, reserved 1048576K
}
Event: 2818.168 GC heap before
{Heap before GC invocations=828 (full 18):
 PSYoungGen      total 2560K, used 2205K [0x00000000eab00000, 0x00000000eb000000, 0x0000000100000000)
  eden space 2048K, 98% used [0x00000000eab00000,0x00000000eacf7558,0x00000000ead00000)
  from space 512K, 37% used [0x00000000eaf80000,0x00000000eafb0000,0x00000000eb000000)
  to   space 512K, 0% used [0x00000000eaf00000,0x00000000eaf00000,0x00000000eaf80000)
 ParOldGen       total 272896K, used 227396K [0x00000000c0000000, 0x00000000d0a80000, 0x00000000eab00000)
  object space 272896K, 83% used [0x00000000c0000000,0x00000000cde11088,0x00000000d0a80000)
 Metaspace       used 85531K, committed 86784K, reserved 1179648K
  class space    used 8777K, committed 9408K, reserved 1048576K
}
Event: 2818.170 GC heap after
{Heap after GC invocations=828 (full 18):
 PSYoungGen      total 2560K, used 224K [0x00000000eab00000, 0x00000000eb000000, 0x0000000100000000)
  eden space 2048K, 0% used [0x00000000eab00000,0x00000000eab00000,0x00000000ead00000)
  from space 512K, 43% used [0x00000000eaf00000,0x00000000eaf38000,0x00000000eaf80000)
  to   space 512K, 0% used [0x00000000eaf80000,0x00000000eaf80000,0x00000000eb000000)
 ParOldGen       total 272896K, used 231172K [0x00000000c0000000, 0x00000000d0a80000, 0x00000000eab00000)
  object space 272896K, 84% used [0x00000000c0000000,0x00000000ce1c12c8,0x00000000d0a80000)
 Metaspace       used 85531K, committed 86784K, reserved 1179648K
  class space    used 8777K, committed 9408K, reserved 1048576K
}
Event: 2818.179 GC heap before
{Heap before GC invocations=829 (full 18):
 PSYoungGen      total 2560K, used 2246K [0x00000000eab00000, 0x00000000eb000000, 0x0000000100000000)
  eden space 2048K, 98% used [0x00000000eab00000,0x00000000eacf9bc8,0x00000000ead00000)
  from space 512K, 43% used [0x00000000eaf00000,0x00000000eaf38000,0x00000000eaf80000)
  to   space 512K, 0% used [0x00000000eaf80000,0x00000000eaf80000,0x00000000eb000000)
 ParOldGen       total 272896K, used 233003K [0x00000000c0000000, 0x00000000d0a80000, 0x00000000eab00000)
  object space 272896K, 85% used [0x00000000c0000000,0x00000000ce38afa0,0x00000000d0a80000)
 Metaspace       used 85533K, committed 86784K, reserved 1179648K
  class space    used 8777K, committed 9408K, reserved 1048576K
}
Event: 2818.181 GC heap after
{Heap after GC invocations=829 (full 18):
 PSYoungGen      total 2560K, used 512K [0x00000000eab00000, 0x00000000eb000000, 0x0000000100000000)
  eden space 2048K, 0% used [0x00000000eab00000,0x00000000eab00000,0x00000000ead00000)
  from space 512K, 100% used [0x00000000eaf80000,0x00000000eb000000,0x00000000eb000000)
  to   space 1024K, 0% used [0x00000000eae00000,0x00000000eae00000,0x00000000eaf00000)
 ParOldGen       total 272896K, used 233123K [0x00000000c0000000, 0x00000000d0a80000, 0x00000000eab00000)
  object space 272896K, 85% used [0x00000000c0000000,0x00000000ce3a8fa0,0x00000000d0a80000)
 Metaspace       used 85533K, committed 86784K, reserved 1179648K
  class space    used 8777K, committed 9408K, reserved 1048576K
}
Event: 2818.192 GC heap before
{Heap before GC invocations=830 (full 18):
 PSYoungGen      total 2560K, used 2554K [0x00000000eab00000, 0x00000000eb000000, 0x0000000100000000)
  eden space 2048K, 99% used [0x00000000eab00000,0x00000000eacfe8c0,0x00000000ead00000)
  from space 512K, 100% used [0x00000000eaf80000,0x00000000eb000000,0x00000000eb000000)
  to   space 1024K, 0% used [0x00000000eae00000,0x00000000eae00000,0x00000000eaf00000)
 ParOldGen       total 272896K, used 234955K [0x00000000c0000000, 0x00000000d0a80000, 0x00000000eab00000)
  object space 272896K, 86% used [0x00000000c0000000,0x00000000ce572c78,0x00000000d0a80000)
 Metaspace       used 85533K, committed 86784K, reserved 1179648K
  class space    used 8777K, committed 9408K, reserved 1048576K
}
Event: 2818.193 GC heap after
{Heap after GC invocations=830 (full 18):
 PSYoungGen      total 3072K, used 192K [0x00000000eab00000, 0x00000000eb000000, 0x0000000100000000)
  eden space 2048K, 0% used [0x00000000eab00000,0x00000000eab00000,0x00000000ead00000)
  from space 1024K, 18% used [0x00000000eae00000,0x00000000eae30000,0x00000000eaf00000)
  to   space 512K, 0% used [0x00000000eaf80000,0x00000000eaf80000,0x00000000eb000000)
 ParOldGen       total 272896K, used 235347K [0x00000000c0000000, 0x00000000d0a80000, 0x00000000eab00000)
  object space 272896K, 86% used [0x00000000c0000000,0x00000000ce5d4c78,0x00000000d0a80000)
 Metaspace       used 85533K, committed 86784K, reserved 1179648K
  class space    used 8777K, committed 9408K, reserved 1048576K
}
Event: 2818.200 GC heap before
{Heap before GC invocations=831 (full 18):
 PSYoungGen      total 3072K, used 2240K [0x00000000eab00000, 0x00000000eb000000, 0x0000000100000000)
  eden space 2048K, 100% used [0x00000000eab00000,0x00000000ead00000,0x00000000ead00000)
  from space 1024K, 18% used [0x00000000eae00000,0x00000000eae30000,0x00000000eaf00000)
  to   space 512K, 0% used [0x00000000eaf80000,0x00000000eaf80000,0x00000000eb000000)
 ParOldGen       total 272896K, used 235347K [0x00000000c0000000, 0x00000000d0a80000, 0x00000000eab00000)
  object space 272896K, 86% used [0x00000000c0000000,0x00000000ce5d4c78,0x00000000d0a80000)
 Metaspace       used 85533K, committed 86784K, reserved 1179648K
  class space    used 8777K, committed 9408K, reserved 1048576K
}
Event: 2818.201 GC heap after
{Heap after GC invocations=831 (full 18):
 PSYoungGen      total 2560K, used 160K [0x00000000eab00000, 0x00000000eb000000, 0x0000000100000000)
  eden space 2048K, 0% used [0x00000000eab00000,0x00000000eab00000,0x00000000ead00000)
  from space 512K, 31% used [0x00000000eaf80000,0x00000000eafa8000,0x00000000eb000000)
  to   space 512K, 0% used [0x00000000eaf00000,0x00000000eaf00000,0x00000000eaf80000)
 ParOldGen       total 272896K, used 235355K [0x00000000c0000000, 0x00000000d0a80000, 0x00000000eab00000)
  object space 272896K, 86% used [0x00000000c0000000,0x00000000ce5d6c78,0x00000000d0a80000)
 Metaspace       used 85533K, committed 86784K, reserved 1179648K
  class space    used 8777K, committed 9408K, reserved 1048576K
}
Event: 2818.203 GC heap before
{Heap before GC invocations=832 (full 18):
 PSYoungGen      total 2560K, used 2071K [0x00000000eab00000, 0x00000000eb000000, 0x0000000100000000)
  eden space 2048K, 93% used [0x00000000eab00000,0x00000000eacddd40,0x00000000ead00000)
  from space 512K, 31% used [0x00000000eaf80000,0x00000000eafa8000,0x00000000eb000000)
  to   space 512K, 0% used [0x00000000eaf00000,0x00000000eaf00000,0x00000000eaf80000)
 ParOldGen       total 272896K, used 235355K [0x00000000c0000000, 0x00000000d0a80000, 0x00000000eab00000)
  object space 272896K, 86% used [0x00000000c0000000,0x00000000ce5d6c78,0x00000000d0a80000)
 Metaspace       used 85533K, committed 86784K, reserved 1179648K
  class space    used 8777K, committed 9408K, reserved 1048576K
}
Event: 2818.205 GC heap after
{Heap after GC invocations=832 (full 18):
 PSYoungGen      total 3072K, used 128K [0x00000000eab00000, 0x00000000eb000000, 0x0000000100000000)
  eden space 2560K, 0% used [0x00000000eab00000,0x00000000eab00000,0x00000000ead80000)
  from space 512K, 25% used [0x00000000eaf00000,0x00000000eaf20000,0x00000000eaf80000)
  to   space 512K, 0% used [0x00000000eaf80000,0x00000000eaf80000,0x00000000eb000000)
 ParOldGen       total 272896K, used 239122K [0x00000000c0000000, 0x00000000d0a80000, 0x00000000eab00000)
  object space 272896K, 87% used [0x00000000c0000000,0x00000000ce984878,0x00000000d0a80000)
 Metaspace       used 85533K, committed 86784K, reserved 1179648K
  class space    used 8777K, committed 9408K, reserved 1048576K
}
Event: 2818.216 GC heap before
{Heap before GC invocations=833 (full 18):
 PSYoungGen      total 3072K, used 2686K [0x00000000eab00000, 0x00000000eb000000, 0x0000000100000000)
  eden space 2560K, 99% used [0x00000000eab00000,0x00000000ead7fad0,0x00000000ead80000)
  from space 512K, 25% used [0x00000000eaf00000,0x00000000eaf20000,0x00000000eaf80000)
  to   space 512K, 0% used [0x00000000eaf80000,0x00000000eaf80000,0x00000000eb000000)
 ParOldGen       total 272896K, used 240953K [0x00000000c0000000, 0x00000000d0a80000, 0x00000000eab00000)
  object space 272896K, 88% used [0x00000000c0000000,0x00000000ceb4e550,0x00000000d0a80000)
 Metaspace       used 85533K, committed 86784K, reserved 1179648K
  class space    used 8777K, committed 9408K, reserved 1048576K
}
Event: 2818.218 GC heap after
{Heap after GC invocations=833 (full 18):
 PSYoungGen      total 3584K, used 508K [0x00000000eab00000, 0x00000000eb100000, 0x0000000100000000)
  eden space 3072K, 0% used [0x00000000eab00000,0x00000000eab00000,0x00000000eae00000)
  from space 512K, 99% used [0x00000000eaf80000,0x00000000eafff240,0x00000000eb000000)
  to   space 1536K, 0% used [0x00000000eae00000,0x00000000eae00000,0x00000000eaf80000)
 ParOldGen       total 272896K, used 241338K [0x00000000c0000000, 0x00000000d0a80000, 0x00000000eab00000)
  object space 272896K, 88% used [0x00000000c0000000,0x00000000cebae908,0x00000000d0a80000)
 Metaspace       used 85533K, committed 86784K, reserved 1179648K
  class space    used 8777K, committed 9408K, reserved 1048576K
}
Event: 2818.231 GC heap before
{Heap before GC invocations=834 (full 18):
 PSYoungGen      total 3584K, used 3580K [0x00000000eab00000, 0x00000000eb100000, 0x0000000100000000)
  eden space 3072K, 100% used [0x00000000eab00000,0x00000000eae00000,0x00000000eae00000)
  from space 512K, 99% used [0x00000000eaf80000,0x00000000eafff240,0x00000000eb000000)
  to   space 1536K, 0% used [0x00000000eae00000,0x00000000eae00000,0x00000000eaf80000)
 ParOldGen       total 272896K, used 243169K [0x00000000c0000000, 0x00000000d0a80000, 0x00000000eab00000)
  object space 272896K, 89% used [0x00000000c0000000,0x00000000ced785e0,0x00000000d0a80000)
 Metaspace       used 85533K, committed 86784K, reserved 1179648K
  class space    used 8777K, committed 9408K, reserved 1048576K
}
Event: 2818.233 GC heap after
{Heap after GC invocations=834 (full 18):
 PSYoungGen      total 4096K, used 928K [0x00000000eab00000, 0x00000000eb000000, 0x0000000100000000)
  eden space 3072K, 0% used [0x00000000eab00000,0x00000000eab00000,0x00000000eae00000)
  from space 1024K, 90% used [0x00000000eae00000,0x00000000eaee8000,0x00000000eaf00000)
  to   space 1024K, 0% used [0x00000000eaf00000,0x00000000eaf00000,0x00000000eb000000)
 ParOldGen       total 272896K, used 243552K [0x00000000c0000000, 0x00000000d0a80000, 0x00000000eab00000)
  object space 272896K, 89% used [0x00000000c0000000,0x00000000cedd8020,0x00000000d0a80000)
 Metaspace       used 85533K, committed 86784K, reserved 1179648K
  class space    used 8777K, committed 9408K, reserved 1048576K
}
Event: 2818.239 GC heap before
{Heap before GC invocations=835 (full 18):
 PSYoungGen      total 4096K, used 3937K [0x00000000eab00000, 0x00000000eb000000, 0x0000000100000000)
  eden space 3072K, 97% used [0x00000000eab00000,0x00000000eadf0700,0x00000000eae00000)
  from space 1024K, 90% used [0x00000000eae00000,0x00000000eaee8000,0x00000000eaf00000)
  to   space 1024K, 0% used [0x00000000eaf00000,0x00000000eaf00000,0x00000000eb000000)
 ParOldGen       total 272896K, used 243552K [0x00000000c0000000, 0x00000000d0a80000, 0x00000000eab00000)
  object space 272896K, 89% used [0x00000000c0000000,0x00000000cedd8020,0x00000000d0a80000)
 Metaspace       used 85533K, committed 86784K, reserved 1179648K
  class space    used 8777K, committed 9408K, reserved 1048576K
}
Event: 2818.240 GC heap after
{Heap after GC invocations=835 (full 18):
 PSYoungGen      total 4096K, used 394K [0x00000000eab00000, 0x00000000eb000000, 0x0000000100000000)
  eden space 3072K, 0% used [0x00000000eab00000,0x00000000eab00000,0x00000000eae00000)
  from space 1024K, 38% used [0x00000000eaf00000,0x00000000eaf629f8,0x00000000eb000000)
  to   space 1024K, 0% used [0x00000000eae00000,0x00000000eae00000,0x00000000eaf00000)
 ParOldGen       total 272896K, used 245791K [0x00000000c0000000, 0x00000000d0a80000, 0x00000000eab00000)
  object space 272896K, 90% used [0x00000000c0000000,0x00000000cf007cf8,0x00000000d0a80000)
 Metaspace       used 85533K, committed 86784K, reserved 1179648K
  class space    used 8777K, committed 9408K, reserved 1048576K
}
Event: 2818.306 GC heap before
{Heap before GC invocations=836 (full 18):
 PSYoungGen      total 4096K, used 3466K [0x00000000eab00000, 0x00000000eb000000, 0x0000000100000000)
  eden space 3072K, 100% used [0x00000000eab00000,0x00000000eae00000,0x00000000eae00000)
  from space 1024K, 38% used [0x00000000eaf00000,0x00000000eaf629f8,0x00000000eb000000)
  to   space 1024K, 0% used [0x00000000eae00000,0x00000000eae00000,0x00000000eaf00000)
 ParOldGen       total 272896K, used 245791K [0x00000000c0000000, 0x00000000d0a80000, 0x00000000eab00000)
  object space 272896K, 90% used [0x00000000c0000000,0x00000000cf007cf8,0x00000000d0a80000)
 Metaspace       used 85544K, committed 86784K, reserved 1179648K
  class space    used 8778K, committed 9408K, reserved 1048576K
}
Event: 2818.308 GC heap after
{Heap after GC invocations=836 (full 18):
 PSYoungGen      total 4096K, used 192K [0x00000000eab00000, 0x00000000eaf80000, 0x0000000100000000)
  eden space 3072K, 0% used [0x00000000eab00000,0x00000000eab00000,0x00000000eae00000)
  from space 1024K, 18% used [0x00000000eae00000,0x00000000eae30000,0x00000000eaf00000)
  to   space 512K, 0% used [0x00000000eaf00000,0x00000000eaf00000,0x00000000eaf80000)
 ParOldGen       total 272896K, used 245807K [0x00000000c0000000, 0x00000000d0a80000, 0x00000000eab00000)
  object space 272896K, 90% used [0x00000000c0000000,0x00000000cf00bcf8,0x00000000d0a80000)
 Metaspace       used 85544K, committed 86784K, reserved 1179648K
  class space    used 8778K, committed 9408K, reserved 1048576K
}

Dll operation events (10 events):
Event: 0.038 Loaded shared library c:\Users\admin\.vscode\extensions\redhat.java-1.23.0-win32-x64\jre\17.0.8.1-win32-x86_64\bin\java.dll
Event: 0.401 Loaded shared library c:\Users\admin\.vscode\extensions\redhat.java-1.23.0-win32-x64\jre\17.0.8.1-win32-x86_64\bin\zip.dll
Event: 0.405 Loaded shared library C:\Users\admin\.vscode\extensions\redhat.java-1.23.0-win32-x64\jre\17.0.8.1-win32-x86_64\bin\instrument.dll
Event: 0.450 Loaded shared library C:\Users\admin\.vscode\extensions\redhat.java-1.23.0-win32-x64\jre\17.0.8.1-win32-x86_64\bin\net.dll
Event: 0.456 Loaded shared library C:\Users\admin\.vscode\extensions\redhat.java-1.23.0-win32-x64\jre\17.0.8.1-win32-x86_64\bin\nio.dll
Event: 0.465 Loaded shared library C:\Users\admin\.vscode\extensions\redhat.java-1.23.0-win32-x64\jre\17.0.8.1-win32-x86_64\bin\zip.dll
Event: 0.512 Loaded shared library C:\Users\admin\.vscode\extensions\redhat.java-1.23.0-win32-x64\jre\17.0.8.1-win32-x86_64\bin\jimage.dll
Event: 0.644 Loaded shared library c:\Users\admin\.vscode\extensions\redhat.java-1.23.0-win32-x64\jre\17.0.8.1-win32-x86_64\bin\verify.dll
Event: 2.312 Loaded shared library C:\Users\admin\AppData\Roaming\Code\User\globalStorage\redhat.java\1.23.0\config_win\org.eclipse.equinox.launcher\org.eclipse.equinox.launcher.win32.win32.x86_64_1.2.700.v20221108-1024\eclipse_11801.dll
Event: 5.479 Loaded shared library C:\Users\admin\AppData\Local\Temp\jna-92668751\jna15537424956511189030.dll

Deoptimization events (20 events):
Event: 2811.728 Thread 0x0000023b2c5de0f0 Uncommon trap: trap_request=0xffffffde fr.pc=0x0000023b1e10b214 relative=0x0000000000000df4
Event: 2811.728 Thread 0x0000023b2c5de0f0 Uncommon trap: reason=class_check action=maybe_recompile pc=0x0000023b1e10b214 method=org.eclipse.jdt.internal.core.NameLookup.findPackageFragments(Ljava/lang/String;ZZ)[Lorg/eclipse/jdt/core/IPackageFragment; @ 521 c2
Event: 2811.728 Thread 0x0000023b2c5de0f0 DEOPT PACKING pc=0x0000023b1e10b214 sp=0x000000ba16afe640
Event: 2811.728 Thread 0x0000023b2c5de0f0 DEOPT UNPACKING pc=0x0000023b1d1166a3 sp=0x000000ba16afe568 mode 2
Event: 2811.732 Thread 0x0000023b2c5de0f0 Uncommon trap: trap_request=0xffffffde fr.pc=0x0000023b1e10b214 relative=0x0000000000000df4
Event: 2811.732 Thread 0x0000023b2c5de0f0 Uncommon trap: reason=class_check action=maybe_recompile pc=0x0000023b1e10b214 method=org.eclipse.jdt.internal.core.NameLookup.findPackageFragments(Ljava/lang/String;ZZ)[Lorg/eclipse/jdt/core/IPackageFragment; @ 521 c2
Event: 2811.732 Thread 0x0000023b2c5de0f0 DEOPT PACKING pc=0x0000023b1e10b214 sp=0x000000ba16afe6e0
Event: 2811.733 Thread 0x0000023b2c5de0f0 DEOPT UNPACKING pc=0x0000023b1d1166a3 sp=0x000000ba16afe608 mode 2
Event: 2818.140 Thread 0x0000023b2c5de0f0 Uncommon trap: trap_request=0xffffff45 fr.pc=0x0000023b1dee9218 relative=0x00000000000007f8
Event: 2818.140 Thread 0x0000023b2c5de0f0 Uncommon trap: reason=unstable_if action=reinterpret pc=0x0000023b1dee9218 method=org.eclipse.jdt.internal.core.search.JavaSearchScope.indexOf(Ljava/lang/String;Ljava/lang/String;)I @ 48 c2
Event: 2818.140 Thread 0x0000023b2c5de0f0 DEOPT PACKING pc=0x0000023b1dee9218 sp=0x000000ba16afde30
Event: 2818.140 Thread 0x0000023b2c5de0f0 DEOPT UNPACKING pc=0x0000023b1d1166a3 sp=0x000000ba16afddd8 mode 2
Event: 2818.140 Thread 0x0000023b2c5de0f0 Uncommon trap: trap_request=0xffffff45 fr.pc=0x0000023b1def0410 relative=0x0000000000000db0
Event: 2818.140 Thread 0x0000023b2c5de0f0 Uncommon trap: reason=unstable_if action=reinterpret pc=0x0000023b1def0410 method=org.eclipse.jdt.internal.core.search.JavaSearchScope.getAccessRuleSet(Ljava/lang/String;Ljava/lang/String;)Lorg/eclipse/jdt/internal/compiler/env/AccessRuleSet; @ 45 c2
Event: 2818.140 Thread 0x0000023b2c5de0f0 DEOPT PACKING pc=0x0000023b1def0410 sp=0x000000ba16afdea0
Event: 2818.141 Thread 0x0000023b2c5de0f0 DEOPT UNPACKING pc=0x0000023b1d1166a3 sp=0x000000ba16afde68 mode 2
Event: 2818.141 Thread 0x0000023b2c5de0f0 Uncommon trap: trap_request=0xffffff45 fr.pc=0x0000023b1e1ddcec relative=0x000000000000204c
Event: 2818.141 Thread 0x0000023b2c5de0f0 Uncommon trap: reason=unstable_if action=reinterpret pc=0x0000023b1e1ddcec method=org.eclipse.jdt.core.search.SearchPattern.acceptMatch(Ljava/lang/String;Ljava/lang/String;CLorg/eclipse/jdt/core/search/SearchPattern;Lorg/eclipse/jdt/internal/core/search/I
Event: 2818.141 Thread 0x0000023b2c5de0f0 DEOPT PACKING pc=0x0000023b1e1ddcec sp=0x000000ba16afdf30
Event: 2818.141 Thread 0x0000023b2c5de0f0 DEOPT UNPACKING pc=0x0000023b1d1166a3 sp=0x000000ba16afdf30 mode 2

Classes unloaded (20 events):
Event: 2758.783 Thread 0x0000023b12f99c90 Unloading class 0x000000010021c000 'java/lang/invoke/LambdaForm$MH+0x000000010021c000'
Event: 2758.784 Thread 0x0000023b12f99c90 Unloading class 0x00000001001b5c00 'java/lang/invoke/LambdaForm$MH+0x00000001001b5c00'
Event: 2758.784 Thread 0x0000023b12f99c90 Unloading class 0x00000001001b5800 'java/lang/invoke/LambdaForm$MH+0x00000001001b5800'
Event: 2758.784 Thread 0x0000023b12f99c90 Unloading class 0x00000001001b5400 'java/lang/invoke/LambdaForm$MH+0x00000001001b5400'
Event: 2758.784 Thread 0x0000023b12f99c90 Unloading class 0x00000001001b5000 'java/lang/invoke/LambdaForm$MH+0x00000001001b5000'
Event: 2758.784 Thread 0x0000023b12f99c90 Unloading class 0x00000001001b4c00 'java/lang/invoke/LambdaForm$MH+0x00000001001b4c00'
Event: 2758.784 Thread 0x0000023b12f99c90 Unloading class 0x00000001001b4800 'java/lang/invoke/LambdaForm$MH+0x00000001001b4800'
Event: 2758.784 Thread 0x0000023b12f99c90 Unloading class 0x00000001001b4400 'java/lang/invoke/LambdaForm$MH+0x00000001001b4400'
Event: 2758.784 Thread 0x0000023b12f99c90 Unloading class 0x00000001001b4000 'java/lang/invoke/LambdaForm$MH+0x00000001001b4000'
Event: 2758.784 Thread 0x0000023b12f99c90 Unloading class 0x0000000100199c00 'java/lang/invoke/LambdaForm$MH+0x0000000100199c00'
Event: 2758.784 Thread 0x0000023b12f99c90 Unloading class 0x0000000100199400 'java/lang/invoke/LambdaForm$MH+0x0000000100199400'
Event: 2758.784 Thread 0x0000023b12f99c90 Unloading class 0x0000000100199000 'java/lang/invoke/LambdaForm$MH+0x0000000100199000'
Event: 2758.784 Thread 0x0000023b12f99c90 Unloading class 0x0000000100198c00 'java/lang/invoke/LambdaForm$MH+0x0000000100198c00'
Event: 2758.784 Thread 0x0000023b12f99c90 Unloading class 0x0000000100198800 'java/lang/invoke/LambdaForm$MH+0x0000000100198800'
Event: 2758.784 Thread 0x0000023b12f99c90 Unloading class 0x0000000100198000 'java/lang/invoke/LambdaForm$MH+0x0000000100198000'
Event: 2758.785 Thread 0x0000023b12f99c90 Unloading class 0x0000000100129000 'jdk/internal/reflect/GeneratedMethodAccessor5'
Event: 2758.785 Thread 0x0000023b12f99c90 Unloading class 0x0000000100128c00 'jdk/internal/reflect/GeneratedMethodAccessor4'
Event: 2758.785 Thread 0x0000023b12f99c90 Unloading class 0x0000000100128800 'jdk/internal/reflect/GeneratedMethodAccessor3'
Event: 2758.785 Thread 0x0000023b12f99c90 Unloading class 0x0000000100128400 'jdk/internal/reflect/GeneratedMethodAccessor2'
Event: 2758.785 Thread 0x0000023b12f99c90 Unloading class 0x0000000100128000 'jdk/internal/reflect/GeneratedMethodAccessor1'

Classes redefined (0 events):
No events

Internal exceptions (20 events):
Event: 2806.261 Thread 0x0000023b2ca64fe0 Exception <a 'java/lang/ArrayIndexOutOfBoundsException'{0x00000000eac2fe30}> (0x00000000eac2fe30) 
thrown [s\src\hotspot\share\runtime\sharedRuntime.cpp, line 628]
Event: 2806.263 Thread 0x0000023b2ca64fe0 Exception <a 'java/lang/ArrayIndexOutOfBoundsException'{0x00000000eaca88d8}> (0x00000000eaca88d8) 
thrown [s\src\hotspot\share\runtime\sharedRuntime.cpp, line 628]
Event: 2806.263 Thread 0x0000023b2ca64fe0 Exception <a 'java/lang/ArrayIndexOutOfBoundsException'{0x00000000eacaa7f0}> (0x00000000eacaa7f0) 
thrown [s\src\hotspot\share\runtime\sharedRuntime.cpp, line 628]
Event: 2806.263 Thread 0x0000023b2ca64fe0 Exception <a 'java/lang/ArrayIndexOutOfBoundsException'{0x00000000eacab0d0}> (0x00000000eacab0d0) 
thrown [s\src\hotspot\share\runtime\sharedRuntime.cpp, line 628]
Event: 2806.506 Thread 0x0000023b2c5de0f0 Exception <a 'java/lang/ArrayIndexOutOfBoundsException'{0x00000000eac02b68}> (0x00000000eac02b68) 
thrown [s\src\hotspot\share\runtime\sharedRuntime.cpp, line 628]
Event: 2807.024 Thread 0x0000023b2c5de0f0 Exception <a 'java/lang/ArrayIndexOutOfBoundsException'{0x00000000eabe56a0}> (0x00000000eabe56a0) 
thrown [s\src\hotspot\share\runtime\sharedRuntime.cpp, line 628]
Event: 2807.061 Thread 0x0000023b2c5de0f0 Exception <a 'java/lang/ArrayIndexOutOfBoundsException'{0x00000000eab0a560}> (0x00000000eab0a560) 
thrown [s\src\hotspot\share\runtime\sharedRuntime.cpp, line 628]
Event: 2810.977 Thread 0x0000023b2c5de0f0 Exception <a 'java/lang/ArrayIndexOutOfBoundsException'{0x00000000eac66400}> (0x00000000eac66400) 
thrown [s\src\hotspot\share\runtime\sharedRuntime.cpp, line 628]
Event: 2811.893 Thread 0x0000023b2c5de0f0 Exception <a 'java/lang/ArrayIndexOutOfBoundsException'{0x00000000eac6b9b0}> (0x00000000eac6b9b0) 
thrown [s\src\hotspot\share\runtime\sharedRuntime.cpp, line 628]
Event: 2818.245 Thread 0x0000023b2c5de0f0 Exception <a 'java/lang/ClassNotFoundException'{0x00000000eac80078}: sun/net/www/protocol/jdt/Handler> (0x00000000eac80078) 
thrown [s\src\hotspot\share\classfile\systemDictionary.cpp, line 256]
Event: 2818.245 Thread 0x0000023b2c5de0f0 Exception <a 'java/lang/ClassNotFoundException'{0x00000000eac828c0}: sun/net/www/protocol/jdt/Handler> (0x00000000eac828c0) 
thrown [s\src\hotspot\share\classfile\systemDictionary.cpp, line 256]
Event: 2818.246 Thread 0x0000023b2c5de0f0 Exception <a 'java/lang/ClassNotFoundException'{0x00000000eac84c68}: sun/net/www/protocol/jdt/Handler> (0x00000000eac84c68) 
thrown [s\src\hotspot\share\classfile\systemDictionary.cpp, line 256]
Event: 2818.246 Thread 0x0000023b2c5de0f0 Exception <a 'java/lang/ClassNotFoundException'{0x00000000eac87270}: sun/net/www/protocol/jdt/Handler> (0x00000000eac87270) 
thrown [s\src\hotspot\share\classfile\systemDictionary.cpp, line 256]
Event: 2818.246 Thread 0x0000023b2c5de0f0 Exception <a 'java/lang/ClassNotFoundException'{0x00000000eac89638}: sun/net/www/protocol/jdt/Handler> (0x00000000eac89638) 
thrown [s\src\hotspot\share\classfile\systemDictionary.cpp, line 256]
Event: 2818.246 Thread 0x0000023b2c5de0f0 Exception <a 'java/lang/ClassNotFoundException'{0x00000000eac8ba48}: sun/net/www/protocol/jdt/Handler> (0x00000000eac8ba48) 
thrown [s\src\hotspot\share\classfile\systemDictionary.cpp, line 256]
Event: 2818.246 Thread 0x0000023b2c5de0f0 Exception <a 'java/lang/ClassNotFoundException'{0x00000000eac92118}: sun/net/www/protocol/jdt/Handler> (0x00000000eac92118) 
thrown [s\src\hotspot\share\classfile\systemDictionary.cpp, line 256]
Event: 2818.246 Thread 0x0000023b2c5de0f0 Exception <a 'java/lang/ClassNotFoundException'{0x00000000eac94868}: sun/net/www/protocol/jdt/Handler> (0x00000000eac94868) 
thrown [s\src\hotspot\share\classfile\systemDictionary.cpp, line 256]
Event: 2818.246 Thread 0x0000023b2c5de0f0 Exception <a 'java/lang/ClassNotFoundException'{0x00000000eac96f78}: sun/net/www/protocol/jdt/Handler> (0x00000000eac96f78) 
thrown [s\src\hotspot\share\classfile\systemDictionary.cpp, line 256]
Event: 2818.246 Thread 0x0000023b2c5de0f0 Exception <a 'java/lang/ClassNotFoundException'{0x00000000eac996f0}: sun/net/www/protocol/jdt/Handler> (0x00000000eac996f0) 
thrown [s\src\hotspot\share\classfile\systemDictionary.cpp, line 256]
Event: 2818.311 Thread 0x0000023b2c5de0f0 Exception <a 'java/lang/ArrayIndexOutOfBoundsException'{0x00000000eab6d788}> (0x00000000eab6d788) 
thrown [s\src\hotspot\share\runtime\sharedRuntime.cpp, line 628]

VM Operations (20 events):
Event: 2818.164 Executing VM operation: ParallelGCFailedAllocation
Event: 2818.165 Executing VM operation: ParallelGCFailedAllocation done
Event: 2818.168 Executing VM operation: ParallelGCFailedAllocation
Event: 2818.170 Executing VM operation: ParallelGCFailedAllocation done
Event: 2818.179 Executing VM operation: ParallelGCFailedAllocation
Event: 2818.181 Executing VM operation: ParallelGCFailedAllocation done
Event: 2818.192 Executing VM operation: ParallelGCFailedAllocation
Event: 2818.193 Executing VM operation: ParallelGCFailedAllocation done
Event: 2818.200 Executing VM operation: ParallelGCFailedAllocation
Event: 2818.201 Executing VM operation: ParallelGCFailedAllocation done
Event: 2818.203 Executing VM operation: ParallelGCFailedAllocation
Event: 2818.205 Executing VM operation: ParallelGCFailedAllocation done
Event: 2818.216 Executing VM operation: ParallelGCFailedAllocation
Event: 2818.218 Executing VM operation: ParallelGCFailedAllocation done
Event: 2818.231 Executing VM operation: ParallelGCFailedAllocation
Event: 2818.233 Executing VM operation: ParallelGCFailedAllocation done
Event: 2818.239 Executing VM operation: ParallelGCFailedAllocation
Event: 2818.240 Executing VM operation: ParallelGCFailedAllocation done
Event: 2818.306 Executing VM operation: ParallelGCFailedAllocation
Event: 2818.308 Executing VM operation: ParallelGCFailedAllocation done

Events (20 events):
Event: 2818.152 Thread 0x0000023b2bf66d00 flushing nmethod 0x0000023b16228010
Event: 2818.153 Thread 0x0000023b2bf66d00 flushing nmethod 0x0000023b164cd390
Event: 2818.155 Thread 0x0000023b2bf66d00 flushing nmethod 0x0000023b1677cc10
Event: 2818.156 Thread 0x0000023b2bf66d00 flushing nmethod 0x0000023b16929390
Event: 2818.159 Thread 0x0000023b2bf66d00 flushing nmethod 0x0000023b16b08b10
Event: 2818.159 Thread 0x0000023b2bf66d00 flushing nmethod 0x0000023b16b7dd90
Event: 2818.159 Thread 0x0000023b2bf66d00 flushing nmethod 0x0000023b16bc8f10
Event: 2818.160 Thread 0x0000023b2bf66d00 flushing nmethod 0x0000023b16c2c210
Event: 2818.160 Thread 0x0000023b2bf66d00 flushing nmethod 0x0000023b16c54d10
Event: 2818.161 Thread 0x0000023b2bf66d00 flushing nmethod 0x0000023b16df8f10
Event: 2818.161 Thread 0x0000023b2bf66d00 flushing nmethod 0x0000023b16e64110
Event: 2818.162 Thread 0x0000023b2bf66d00 flushing nmethod 0x0000023b16eff990
Event: 2818.168 Thread 0x0000023b2bf66d00 flushing nmethod 0x0000023b17576790
Event: 2818.171 Thread 0x0000023b2bf66d00 flushing nmethod 0x0000023b17752d90
Event: 2818.171 Thread 0x0000023b2bf66d00 flushing nmethod 0x0000023b17776810
Event: 2818.171 Thread 0x0000023b2bf66d00 flushing nmethod 0x0000023b17779a10
Event: 2818.172 Thread 0x0000023b2bf66d00 flushing nmethod 0x0000023b17874e10
Event: 2818.172 Thread 0x0000023b2bf66d00 flushing nmethod 0x0000023b17875e90
Event: 2818.172 Thread 0x0000023b2bf66d00 flushing nmethod 0x0000023b1787a410
Event: 2818.246 Thread 0x0000023b2e61a1f0 Thread added: 0x0000023b2e61a1f0


Dynamic libraries:
0x00007ff608360000 - 0x00007ff60836e000 	c:\Users\admin\.vscode\extensions\redhat.java-1.23.0-win32-x64\jre\17.0.8.1-win32-x86_64\bin\java.exe
0x00007ffd50950000 - 0x00007ffd50b48000 	C:\Windows\SYSTEM32\ntdll.dll
0x00007ffd3bdd0000 - 0x00007ffd3bde9000 	C:\Program Files\Avast Software\Avast\aswhook.dll
0x00007ffd4ed30000 - 0x00007ffd4eded000 	C:\Windows\System32\KERNEL32.DLL
0x00007ffd4e1d0000 - 0x00007ffd4e4c6000 	C:\Windows\System32\KERNELBASE.dll
0x00007ffd4e030000 - 0x00007ffd4e130000 	C:\Windows\System32\ucrtbase.dll
0x00007ffd48c30000 - 0x00007ffd48c47000 	c:\Users\admin\.vscode\extensions\redhat.java-1.23.0-win32-x64\jre\17.0.8.1-win32-x86_64\bin\jli.dll
0x00007ffd4f150000 - 0x00007ffd4f2ee000 	C:\Windows\System32\USER32.dll
0x00007ffd4e4d0000 - 0x00007ffd4e4f2000 	C:\Windows\System32\win32u.dll
0x00007ffd4ea10000 - 0x00007ffd4ea3c000 	C:\Windows\System32\GDI32.dll
0x00007ffd4e500000 - 0x00007ffd4e61a000 	C:\Windows\System32\gdi32full.dll
0x00007ffd4e130000 - 0x00007ffd4e1cd000 	C:\Windows\System32\msvcp_win.dll
0x00007ffd489a0000 - 0x00007ffd489b9000 	c:\Users\admin\.vscode\extensions\redhat.java-1.23.0-win32-x64\jre\17.0.8.1-win32-x86_64\bin\VCRUNTIME140.dll
0x00007ffd2e8e0000 - 0x00007ffd2eb7a000 	C:\Windows\WinSxS\amd64_microsoft.windows.common-controls_6595b64144ccf1df_6.0.19041.1110_none_60b5254171f9507e\COMCTL32.dll
0x00007ffd4f570000 - 0x00007ffd4f60e000 	C:\Windows\System32\msvcrt.dll
0x00007ffd508e0000 - 0x00007ffd50910000 	C:\Windows\System32\IMM32.DLL
0x00007ffd4b200000 - 0x00007ffd4b20c000 	c:\Users\admin\.vscode\extensions\redhat.java-1.23.0-win32-x64\jre\17.0.8.1-win32-x86_64\bin\vcruntime140_1.dll
0x00007ffd46cf0000 - 0x00007ffd46d81000 	c:\Users\admin\.vscode\extensions\redhat.java-1.23.0-win32-x64\jre\17.0.8.1-win32-x86_64\bin\msvcp140.dll
0x00007ffd13960000 - 0x00007ffd145ac000 	c:\Users\admin\.vscode\extensions\redhat.java-1.23.0-win32-x64\jre\17.0.8.1-win32-x86_64\bin\server\jvm.dll
0x00007ffd4f2f0000 - 0x00007ffd4f39e000 	C:\Windows\System32\ADVAPI32.dll
0x00007ffd4eb80000 - 0x00007ffd4ec1c000 	C:\Windows\System32\sechost.dll
0x00007ffd4fe10000 - 0x00007ffd4ff36000 	C:\Windows\System32\RPCRT4.dll
0x00007ffd4d5a0000 - 0x00007ffd4d5eb000 	C:\Windows\SYSTEM32\POWRPROF.dll
0x00007ffd3b450000 - 0x00007ffd3b459000 	C:\Windows\SYSTEM32\WSOCK32.dll
0x00007ffd4f4f0000 - 0x00007ffd4f55b000 	C:\Windows\System32\WS2_32.dll
0x00007ffd2ec30000 - 0x00007ffd2ec57000 	C:\Windows\SYSTEM32\WINMM.dll
0x00007ffd4c530000 - 0x00007ffd4c53a000 	C:\Windows\SYSTEM32\VERSION.dll
0x00007ffd4d410000 - 0x00007ffd4d422000 	C:\Windows\SYSTEM32\UMPDC.dll
0x00007ffd4c860000 - 0x00007ffd4c872000 	C:\Windows\SYSTEM32\kernel.appcore.dll
0x00007ffd4aa30000 - 0x00007ffd4aa3a000 	c:\Users\admin\.vscode\extensions\redhat.java-1.23.0-win32-x64\jre\17.0.8.1-win32-x86_64\bin\jimage.dll
0x00007ffd43b60000 - 0x00007ffd43d44000 	C:\Windows\SYSTEM32\DBGHELP.DLL
0x00007ffd43ac0000 - 0x00007ffd43af4000 	C:\Windows\SYSTEM32\dbgcore.DLL
0x00007ffd4e8d0000 - 0x00007ffd4e952000 	C:\Windows\System32\bcryptPrimitives.dll
0x00007ffd49520000 - 0x00007ffd4952e000 	c:\Users\admin\.vscode\extensions\redhat.java-1.23.0-win32-x64\jre\17.0.8.1-win32-x86_64\bin\instrument.dll
0x00007ffd48950000 - 0x00007ffd48975000 	c:\Users\admin\.vscode\extensions\redhat.java-1.23.0-win32-x64\jre\17.0.8.1-win32-x86_64\bin\java.dll
0x00007ffd486a0000 - 0x00007ffd486b8000 	c:\Users\admin\.vscode\extensions\redhat.java-1.23.0-win32-x64\jre\17.0.8.1-win32-x86_64\bin\zip.dll
0x00007ffd4f6c0000 - 0x00007ffd4fe05000 	C:\Windows\System32\SHELL32.dll
0x00007ffd4bd90000 - 0x00007ffd4c52b000 	C:\Windows\SYSTEM32\windows.storage.dll
0x00007ffd4edf0000 - 0x00007ffd4f144000 	C:\Windows\System32\combase.dll
0x00007ffd4d990000 - 0x00007ffd4d9be000 	C:\Windows\SYSTEM32\Wldp.dll
0x00007ffd4ec20000 - 0x00007ffd4eccd000 	C:\Windows\System32\SHCORE.dll
0x00007ffd4ecd0000 - 0x00007ffd4ed25000 	C:\Windows\System32\shlwapi.dll
0x00007ffd4df60000 - 0x00007ffd4df85000 	C:\Windows\SYSTEM32\profapi.dll
0x00007ffd483b0000 - 0x00007ffd483c9000 	C:\Users\admin\.vscode\extensions\redhat.java-1.23.0-win32-x64\jre\17.0.8.1-win32-x86_64\bin\net.dll
0x00007ffd4c640000 - 0x00007ffd4c74a000 	C:\Windows\SYSTEM32\WINHTTP.dll
0x00007ffd4d770000 - 0x00007ffd4d7da000 	C:\Windows\system32\mswsock.dll
0x00007ffd481b0000 - 0x00007ffd481c5000 	C:\Users\admin\.vscode\extensions\redhat.java-1.23.0-win32-x64\jre\17.0.8.1-win32-x86_64\bin\nio.dll
0x00007ffd49510000 - 0x00007ffd49520000 	c:\Users\admin\.vscode\extensions\redhat.java-1.23.0-win32-x64\jre\17.0.8.1-win32-x86_64\bin\verify.dll
0x00007ffd46730000 - 0x00007ffd4676e000 	C:\Users\admin\AppData\Roaming\Code\User\globalStorage\redhat.java\1.23.0\config_win\org.eclipse.equinox.launcher\org.eclipse.equinox.launcher.win32.win32.x86_64_1.2.700.v20221108-1024\eclipse_11801.dll
0x00007ffd4ea50000 - 0x00007ffd4eb7a000 	C:\Windows\System32\ole32.dll
0x00007ffd4dcd0000 - 0x00007ffd4dce8000 	C:\Windows\SYSTEM32\CRYPTSP.dll
0x00007ffd4d030000 - 0x00007ffd4d064000 	C:\Windows\system32\rsaenh.dll
0x00007ffd4e620000 - 0x00007ffd4e647000 	C:\Windows\System32\bcrypt.dll
0x00007ffd4df20000 - 0x00007ffd4df4e000 	C:\Windows\SYSTEM32\USERENV.dll
0x00007ffd4d900000 - 0x00007ffd4d90c000 	C:\Windows\SYSTEM32\CRYPTBASE.dll
0x00007ffd4d430000 - 0x00007ffd4d46b000 	C:\Windows\SYSTEM32\IPHLPAPI.DLL
0x00007ffd4ea40000 - 0x00007ffd4ea48000 	C:\Windows\System32\NSI.dll
0x00007ffd44890000 - 0x00007ffd448a7000 	C:\Windows\SYSTEM32\dhcpcsvc6.DLL
0x00007ffd45910000 - 0x00007ffd4592d000 	C:\Windows\SYSTEM32\dhcpcsvc.DLL
0x00007ffd4d470000 - 0x00007ffd4d53a000 	C:\Windows\SYSTEM32\DNSAPI.dll
0x00007ffd46bf0000 - 0x00007ffd46c35000 	C:\Users\admin\AppData\Local\Temp\jna-92668751\jna15537424956511189030.dll
0x00007ffd4f480000 - 0x00007ffd4f488000 	C:\Windows\System32\PSAPI.DLL

dbghelp: loaded successfully - version: 4.0.5 - missing functions: none
symbol engine: initialized successfully - sym options: 0x614 - pdb path: .;c:\Users\admin\.vscode\extensions\redhat.java-1.23.0-win32-x64\jre\17.0.8.1-win32-x86_64\bin;C:\Windows\SYSTEM32;C:\Program Files\Avast Software\Avast;C:\Windows\WinSxS\amd64_microsoft.windows.common-controls_6595b64144ccf1df_6.0.19041.1110_none_60b5254171f9507e;c:\Users\admin\.vscode\extensions\redhat.java-1.23.0-win32-x64\jre\17.0.8.1-win32-x86_64\bin\server;C:\Users\admin\AppData\Roaming\Code\User\globalStorage\redhat.java\1.23.0\config_win\org.eclipse.equinox.launcher\org.eclipse.equinox.launcher.win32.win32.x86_64_1.2.700.v20221108-1024;C:\Users\admin\AppData\Local\Temp\jna-92668751

VM Arguments:
jvm_args: --add-modules=ALL-SYSTEM --add-opens=java.base/java.util=ALL-UNNAMED --add-opens=java.base/java.lang=ALL-UNNAMED --add-opens=java.base/sun.nio.fs=ALL-UNNAMED -Declipse.application=org.eclipse.jdt.ls.core.id1 -Dosgi.bundles.defaultStartLevel=4 -Declipse.product=org.eclipse.jdt.ls.core.product -Djava.import.generatesMetadataFilesAtProjectRoot=false -DDetectVMInstallationsJob.disabled=true -Dfile.encoding=utf8 -XX:+UseParallelGC -XX:GCTimeRatio=4 -XX:AdaptiveSizePolicyWeight=90 -Dsun.zip.disableMemoryMapping=true -Xmx1G -Xms100m -Xlog:disable -javaagent:c:\Users\admin\.vscode\extensions\redhat.java-1.23.0-win32-x64\lombok\lombok-1.18.30.jar -XX:+HeapDumpOnOutOfMemoryError -XX:HeapDumpPath=c:\Users\admin\AppData\Roaming\Code\User\workspaceStorage\dd673c9ca44df6cee7c5089b940849b0\redhat.java -Daether.dependencyCollector.impl=bf 
java_command: c:\Users\admin\.vscode\extensions\redhat.java-1.23.0-win32-x64\server\plugins\org.eclipse.equinox.launcher_1.6.500.v20230717-2134.jar -configuration c:\Users\admin\AppData\Roaming\Code\User\globalStorage\redhat.java\1.23.0\config_win -data c:\Users\admin\AppData\Roaming\Code\User\workspaceStorage\dd673c9ca44df6cee7c5089b940849b0\redhat.java\jdt_ws
java_class_path (initial): c:\Users\admin\.vscode\extensions\redhat.java-1.23.0-win32-x64\server\plugins\org.eclipse.equinox.launcher_1.6.500.v20230717-2134.jar
Launcher Type: SUN_STANDARD

[Global flags]
    uintx AdaptiveSizePolicyWeight                 = 90                                        {product} {command line}
     intx CICompilerCount                          = 3                                         {product} {ergonomic}
    uintx GCTimeRatio                              = 4                                         {product} {command line}
     bool HeapDumpOnOutOfMemoryError               = true                                   {manageable} {command line}
    ccstr HeapDumpPath                             = c:\Users\admin\AppData\Roaming\Code\User\workspaceStorage\dd673c9ca44df6cee7c5089b940849b0\redhat.java         {manageable} {command line}
   size_t InitialHeapSize                          = 104857600                                 {product} {command line}
   size_t MaxHeapSize                              = 1073741824                                {product} {command line}
   size_t MaxNewSize                               = 357564416                                 {product} {ergonomic}
   size_t MinHeapDeltaBytes                        = 524288                                    {product} {ergonomic}
   size_t MinHeapSize                              = 104857600                                 {product} {command line}
   size_t NewSize                                  = 34603008                                  {product} {ergonomic}
    uintx NonNMethodCodeHeapSize                   = 5832780                                {pd product} {ergonomic}
    uintx NonProfiledCodeHeapSize                  = 122912730                              {pd product} {ergonomic}
   size_t OldSize                                  = 70254592                                  {product} {ergonomic}
    uintx ProfiledCodeHeapSize                     = 122912730                              {pd product} {ergonomic}
    uintx ReservedCodeCacheSize                    = 251658240                              {pd product} {ergonomic}
     bool SegmentedCodeCache                       = true                                      {product} {ergonomic}
   size_t SoftMaxHeapSize                          = 1073741824                             {manageable} {ergonomic}
     bool UseCompressedClassPointers               = true                           {product lp64_product} {ergonomic}
     bool UseCompressedOops                        = true                           {product lp64_product} {ergonomic}
     bool UseLargePagesIndividualAllocation        = false                                  {pd product} {ergonomic}
     bool UseParallelGC                            = true                                      {product} {command line}

Logging:
Log output configuration:
 #0: stdout all=off uptime,level,tags
 #1: stderr all=off uptime,level,tags

Environment Variables:
JAVA_HOME=C:\Program Files\Java\jdk-11.0.16\bin
PATH=D:\PLSQL\app\oracle\product\11.2.0\server\bin;;C:\Python311\Scripts\;C:\Python311\;C:\Program Files\Common Files\Oracle\Java\javapath;C:\Windows\system32;C:\Windows;C:\Windows\System32\Wbem;C:\Windows\System32\WindowsPowerShell\v1.0\;C:\Windows\System32\OpenSSH\;C:\Program Files\Microchip\xc8\v2.36\bin;C:\Program Files\Java\jdk-11.0.16\bin;C:\Program Files\Git\cmd;C:\Program Files\MongoDB\Server\6.0\bin;C:\ProgramData\chocolatey\bin;C:\Program Files\nodejs\;C:\Program Files\MySQL\MySQL Shell 8.0\bin\;C:\Users\admin\AppData\Local\Programs\Python\Python310\Scripts\;C:\Users\admin\AppData\Local\Programs\Python\Python310\;C:\Users\admin\AppData\Local\Microsoft\WindowsApps;C:\Users\admin\Microsoft VS Code\bin;C:\Users\admin\AppData\Local\gitkraken\bin;C:\Program Files (x86)\MongoDB Atlas CLI\;C:\Program Files\MongoDB\Server\6.0\bin;C:\Users\admin\AppData\Roaming\npm;D:\git2\Microsoft VS Code\bin
USERNAME=admin
OS=Windows_NT
PROCESSOR_IDENTIFIER=Intel64 Family 6 Model 94 Stepping 3, GenuineIntel
TMP=C:\Users\admin\AppData\Local\Temp
TEMP=C:\Users\admin\AppData\Local\Temp



---------------  S Y S T E M  ---------------

OS:
 Windows 10 , 64 bit Build 19041 (10.0.19041.3393)
OS uptime: 0 days 7:26 hours
Hyper-V role detected

CPU: total 4 (initial active 4) (4 cores per cpu, 1 threads per core) family 6 model 94 stepping 3 microcode 0xcc, cx8, cmov, fxsr, mmx, 3dnowpref, sse, sse2, sse3, ssse3, sse4.1, sse4.2, popcnt, lzcnt, tsc, tscinvbit, avx, avx2, aes, erms, clmul, bmi1, bmi2, rtm, adx, fma, vzeroupper, clflush, clflushopt, hv
Processor Information for all 4 processors :
  Max Mhz: 2304, Current Mhz: 2304, Mhz Limit: 2304

Memory: 4k page, system-wide physical 7854M (626M free)
TotalPageFile size 13283M (AvailPageFile size 4M)
current process WorkingSet (physical memory assigned to process): 431M, peak: 733M
current process commit charge ("private bytes"): 544M, peak: 704M

vm_info: OpenJDK 64-Bit Server VM (17.0.8.1+1) for windows-amd64 JRE (17.0.8.1+1), built on Aug 23 2023 15:29:17 by "admin" with MS VC++ 16.7 (VS2019)

END.
